{"level":"error","message":"Usuário 1 não existe","timestamp":"2022-10-23T17:56:21.675Z"}
{"level":"error","message":"Usuário \"1\" não existe","timestamp":"2022-10-23T17:56:46.993Z"}
{"level":"error","message":"Usuário 1 não existe","timestamp":"2022-10-23T17:57:48.332Z"}
{"level":"error","message":"Usuário 1 não existe","timestamp":"2022-10-23T17:57:52.947Z"}
{"level":"error","message":"Usuário \"1\" não existe","timestamp":"2022-10-23T18:01:09.406Z"}
{"level":"error","message":"Usuário 1 não existe","timestamp":"2022-10-23T18:01:14.689Z"}
{"level":"error","message":"Usuário undefined não existe","timestamp":"2022-10-23T18:05:44.041Z"}
{"level":"error","message":"Usuário undefined não existe","timestamp":"2022-10-23T18:05:56.168Z"}
{"level":"error","message":"Usuário undefined não existe","timestamp":"2022-10-23T18:05:58.500Z"}
{"level":"error","message":"Usuário undefined não existe","timestamp":"2022-10-23T18:06:01.866Z"}
{"level":"error","message":"Usuário undefined não existe","timestamp":"2022-10-23T18:07:20.464Z"}
{"level":"error","message":"Usuário undefined não existe","timestamp":"2022-10-23T18:08:57.031Z"}
{"level":"error","message":"Usuário undefined não existe","timestamp":"2022-10-23T18:09:08.302Z"}
{"level":"error","message":"Usuário undefined não existe","timestamp":"2022-10-23T18:09:10.591Z"}
{"level":"info","message":[" Usuário encontrato: ",{"apartment":12,"email":"ksmolklkn","iduser":2,"name":"Marcos","password":"sdajknkjn651651"}],"timestamp":"2022-10-23T18:17:55.138Z"}
{"level":"info","message":[" Usuário encontrato: ",{"apartment":12,"email":"ksmolklkn","iduser":2,"name":"Marcos","password":"sdajknkjn651651"}],"timestamp":"2022-10-23T18:17:55.143Z"}
{"level":"info","message":[" Usuário encontrato: ",{"apartment":13,"email":"john@gmail.com","iduser":1,"name":"John","password":"6516sa"}],"timestamp":"2022-10-23T18:18:06.752Z"}
{"level":"info","message":[" Usuário encontrato: ",{"apartment":13,"email":"john@gmail.com","iduser":1,"name":"John","password":"6516sa"}],"timestamp":"2022-10-23T18:18:27.839Z"}
{"level":"info","message":[" Usuário encontrato: ",{"apartment":13,"email":"john@gmail.com","name":"John","password":"6516sa"}],"timestamp":"2022-10-23T18:21:28.535Z"}
{"level":"info","message":[" Usuário encontrato: ",{"apartment":13,"email":"john@gmail.com","name":"John","password":"6516sa"}],"timestamp":"2022-10-23T18:21:41.444Z"}
{"level":"info","message":[" Usuário encontrato: ",{"apartment":13,"email":"john@gmail.com","name":"John","password":"6516sa"}],"timestamp":"2022-10-23T18:22:18.344Z"}
{"level":"error","message":"Usuário 2 não existe","timestamp":"2022-10-23T18:25:56.520Z"}
{"level":"info","message":[" Usuário encontrado: ",{"apartment":13,"email":"john@gmail.com","iduser":1,"name":"John","password":"6516sa"}],"timestamp":"2022-10-23T18:26:00.286Z"}
{"level":"info","message":[" Usuário encontrado: ",{"apartment":null,"createdAt":null,"email":null,"iduser":3,"name":null,"password":null,"updatedAt":null}],"timestamp":"2022-10-23T18:45:11.387Z"}
{"level":"info","message":[" Usuário encontrado: ",{"apartment":null,"createdAt":null,"email":null,"iduser":4,"name":null,"password":null,"updatedAt":null}],"timestamp":"2022-10-23T18:51:14.303Z"}
{"level":"info","message":[" Usuário encontrado: ",{"apartment":null,"createdAt":null,"email":null,"iduser":4,"name":null,"password":null,"updatedAt":null}],"timestamp":"2022-10-23T18:51:14.315Z"}
{"level":"info","message":[" Usuário encontrado: ",{"apartment":null,"createdAt":null,"email":null,"iduser":5,"name":null,"password":null,"updatedAt":null}],"timestamp":"2022-10-23T18:51:17.322Z"}
{"level":"info","message":[" Usuário encontrado: ",{"apartment":null,"createdAt":null,"email":null,"iduser":5,"name":null,"password":null,"updatedAt":null}],"timestamp":"2022-10-23T18:51:17.328Z"}
{"level":"info","message":[" Usuário encontrado: ",{"apartment":null,"createdAt":null,"email":null,"iduser":6,"name":null,"password":null,"updatedAt":null}],"timestamp":"2022-10-23T18:51:19.638Z"}
{"level":"info","message":[" Usuário encontrado: ",{"apartment":null,"createdAt":null,"email":null,"iduser":6,"name":null,"password":null,"updatedAt":null}],"timestamp":"2022-10-23T18:51:19.644Z"}
{"level":"info","message":[" Usuário encontrado: ",{"apartment":null,"createdAt":null,"email":null,"iduser":7,"name":null,"password":null,"updatedAt":null}],"timestamp":"2022-10-23T18:51:21.888Z"}
{"level":"info","message":[" Usuário encontrado: ",{"apartment":null,"createdAt":null,"email":null,"iduser":7,"name":null,"password":null,"updatedAt":null}],"timestamp":"2022-10-23T18:51:21.894Z"}
{"level":"info","message":[" Usuário encontrado: ",{"apartment":null,"createdAt":null,"email":null,"iduser":8,"name":null,"password":null,"updatedAt":null}],"timestamp":"2022-10-23T18:51:30.398Z"}
{"level":"info","message":[" Usuário encontrado: ",{"apartment":null,"createdAt":null,"email":null,"iduser":8,"name":null,"password":null,"updatedAt":null}],"timestamp":"2022-10-23T18:51:30.405Z"}
{"level":"error","message":"Usuário 9 não existe","timestamp":"2022-10-23T18:51:33.948Z"}
{"level":"error","message":"Usuário 9 não existe","timestamp":"2022-10-23T18:52:06.824Z"}
{"level":"info","message":[" Usuário encontrado: ",{"apartment":null,"createdAt":null,"email":null,"iduser":9,"name":null,"password":null,"updatedAt":null}],"timestamp":"2022-10-23T19:03:52.030Z"}
{"level":"info","message":[" Usuário encontrado: ",{"apartment":null,"createdAt":null,"email":null,"iduser":9,"name":null,"password":null,"updatedAt":null}],"timestamp":"2022-10-23T19:03:52.038Z"}
{"level":"error","message":"Usuário 9 não existe","timestamp":"2022-10-23T19:03:55.405Z"}
{"level":"info","message":[" Usuário encontrado: ",{"apartment":null,"createdAt":null,"email":null,"iduser":10,"name":null,"password":null,"updatedAt":null}],"timestamp":"2022-10-23T19:03:58.629Z"}
{"level":"info","message":[" Usuário encontrado: ",{"apartment":null,"createdAt":null,"email":null,"iduser":10,"name":null,"password":null,"updatedAt":null}],"timestamp":"2022-10-23T19:03:58.636Z"}
{"level":"info","message":[" Usuário encontrado: ",{"apartment":null,"createdAt":null,"email":null,"iduser":11,"name":null,"password":null,"updatedAt":null}],"timestamp":"2022-10-23T19:04:00.678Z"}
{"level":"info","message":[" Usuário encontrado: ",{"apartment":null,"createdAt":null,"email":null,"iduser":11,"name":null,"password":null,"updatedAt":null}],"timestamp":"2022-10-23T19:04:00.684Z"}
{"level":"info","message":[" Usuário encontrado: ",{"apartment":null,"createdAt":null,"email":null,"iduser":12,"name":null,"password":null,"updatedAt":null}],"timestamp":"2022-10-23T19:04:02.441Z"}
{"level":"info","message":[" Usuário encontrado: ",{"apartment":null,"createdAt":null,"email":null,"iduser":12,"name":null,"password":null,"updatedAt":null}],"timestamp":"2022-10-23T19:04:02.448Z"}
{"level":"info","message":[" Usuário encontrado: ",{"apartment":null,"createdAt":null,"email":null,"iduser":13,"name":null,"password":null,"updatedAt":null}],"timestamp":"2022-10-23T19:04:04.447Z"}
{"level":"info","message":[" Usuário encontrado: ",{"apartment":null,"createdAt":null,"email":null,"iduser":13,"name":null,"password":null,"updatedAt":null}],"timestamp":"2022-10-23T19:04:04.456Z"}
{"level":"error","message":"Usuário 14 não existe","timestamp":"2022-10-23T19:04:06.429Z"}
{"level":"info","message":[" Usuário encontrado: ",{"apartment":null,"createdAt":null,"email":null,"iduser":1,"name":"MARCOS","password":null,"updatedAt":null}],"timestamp":"2022-10-23T20:35:28.403Z"}
{"level":"error","message":"Usuário 1 não existe","timestamp":"2022-10-23T21:52:33.431Z"}
